<?xml version="1.0" encoding="UTF-8"?>
<testsuite name="com.bridglabz.CabInvoiceTest" tests="1" skipped="0" failures="0" errors="0" timestamp="2020-08-31T07:16:48" hostname="DESKTOP-GL7D8LT" time="0.007">
  <properties/>
  <testcase name="givenDistanceAndTime_WhenPremium_ShouldReturnTotalFare" classname="com.bridglabz.CabInvoiceTest" time="0.007"/>
  <system-out><![CDATA[]]></system-out>
  <system-err><![CDATA[]]></system-err>
</testsuite>
