<?xml version="1.0" encoding="UTF-8"?>
<testsuite name="com.bridglabz.CabInvoiceTest" tests="1" skipped="0" failures="0" errors="0" timestamp="2020-08-29T11:55:13" hostname="DESKTOP-GL7D8LT" time="0.004">
  <properties/>
  <testcase name="givenMultipleDistanceAndTime_ShouldReturnInvoiceSummary" classname="com.bridglabz.CabInvoiceTest" time="0.004"/>
  <system-out><![CDATA[]]></system-out>
  <system-err><![CDATA[]]></system-err>
</testsuite>
